<?xml version="1.0" encoding="UTF-8"?>
<testsuite name="Regression Test"
           tests="2"
           failures="0"
           errors="0"
           skipped="0"
           time="27.021">
  <properties />
  
  
            <testcase name="verifyUserShouldAbleToRegisterWithValidInputInAllMandatoryFields" time="19.025" classname="com.nopcommerce.demo.testsuite.RegistrationTest" />
                <testcase name="verifyUserShouldNotAbleToRegisterLeavingMandatoryFieldEmpty" time="7.996" classname="com.nopcommerce.demo.testsuite.RegistrationTest" />
      
</testsuite>
